<?xml version="1.0" encoding="UTF-8"?>
<!-- Generated by org.testng.reporters.JUnitReportReporter -->
<testsuite hostname="krish" failures="0" tests="3" name="maven.admin" time="0.022" errors="0" timestamp="2023-03-31T17:32:29 IST" skipped="0">
  <testcase classname="maven.admin" name="login1" time="0.002"/>
  <system-out/>
  <testcase classname="maven.admin" name="login" time="0.018"/>
  <system-out/>
  <testcase classname="maven.admin" name="login3" time="0.002"/>
  <system-out/>
</testsuite> <!-- maven.admin -->
