<?xml version="1.0" encoding="UTF-8"?>
<!-- Generated by org.testng.reporters.JUnitReportReporter -->
<testsuite hostname="krish" failures="0" tests="1" name="maven.test" time="0.015" errors="0" timestamp="2023-03-31T16:16:24 IST" skipped="0">
  <testcase classname="maven.test" name="simpletest" time="0.015"/>
  <system-out/>
</testsuite> <!-- maven.test -->
